[2025-08-06 22:38:33] local.ERROR: Class "Spatie\Sluggable\SluggableServiceProvider" not found {"exception":"[object] (Error(code: 0): Class \"Spatie\\Sluggable\\SluggableServiceProvider\" not found at C:\\Users\\Murat\\Projects\\laravelmv\\vendor\\laravel\\framework\\src\\Illuminate\\Foundation\\ProviderRepository.php:205)
[stacktrace]
#0 C:\\Users\\Murat\\Projects\\laravelmv\\vendor\\laravel\\framework\\src\\Illuminate\\Foundation\\ProviderRepository.php(141): Illuminate\\Foundation\\ProviderRepository->createProvider('Spatie\\\\Sluggabl...')
#1 C:\\Users\\Murat\\Projects\\laravelmv\\vendor\\laravel\\framework\\src\\Illuminate\\Foundation\\ProviderRepository.php(60): Illuminate\\Foundation\\ProviderRepository->compileManifest(Array)
#2 C:\\Users\\Murat\\Projects\\laravelmv\\vendor\\laravel\\framework\\src\\Illuminate\\Foundation\\Application.php(870): Illuminate\\Foundation\\ProviderRepository->load(Array)
#3 C:\\Users\\Murat\\Projects\\laravelmv\\vendor\\laravel\\framework\\src\\Illuminate\\Foundation\\Bootstrap\\RegisterProviders.php(37): Illuminate\\Foundation\\Application->registerConfiguredProviders()
#4 C:\\Users\\Murat\\Projects\\laravelmv\\vendor\\laravel\\framework\\src\\Illuminate\\Foundation\\Application.php(341): Illuminate\\Foundation\\Bootstrap\\RegisterProviders->bootstrap(Object(Illuminate\\Foundation\\Application))
#5 C:\\Users\\Murat\\Projects\\laravelmv\\vendor\\laravel\\framework\\src\\Illuminate\\Foundation\\Console\\Kernel.php(473): Illuminate\\Foundation\\Application->bootstrapWith(Array)
#6 C:\\Users\\Murat\\Projects\\laravelmv\\vendor\\laravel\\framework\\src\\Illuminate\\Foundation\\Console\\Kernel.php(195): Illuminate\\Foundation\\Console\\Kernel->bootstrap()
#7 C:\\Users\\Murat\\Projects\\laravelmv\\artisan(35): Illuminate\\Foundation\\Console\\Kernel->handle(Object(Symfony\\Component\\Console\\Input\\ArgvInput), Object(Symfony\\Component\\Console\\Output\\ConsoleOutput))
#8 {main}
"} 
[2025-08-06 22:39:24] local.ERROR: Class "Spatie\Sluggable\SluggableServiceProvider" not found {"exception":"[object] (Error(code: 0): Class \"Spatie\\Sluggable\\SluggableServiceProvider\" not found at C:\\Users\\Murat\\Projects\\laravelmv\\vendor\\laravel\\framework\\src\\Illuminate\\Foundation\\ProviderRepository.php:205)
[stacktrace]
#0 C:\\Users\\Murat\\Projects\\laravelmv\\vendor\\laravel\\framework\\src\\Illuminate\\Foundation\\ProviderRepository.php(141): Illuminate\\Foundation\\ProviderRepository->createProvider('Spatie\\\\Sluggabl...')
#1 C:\\Users\\Murat\\Projects\\laravelmv\\vendor\\laravel\\framework\\src\\Illuminate\\Foundation\\ProviderRepository.php(60): Illuminate\\Foundation\\ProviderRepository->compileManifest(Array)
#2 C:\\Users\\Murat\\Projects\\laravelmv\\vendor\\laravel\\framework\\src\\Illuminate\\Foundation\\Application.php(870): Illuminate\\Foundation\\ProviderRepository->load(Array)
#3 C:\\Users\\Murat\\Projects\\laravelmv\\vendor\\laravel\\framework\\src\\Illuminate\\Foundation\\Bootstrap\\RegisterProviders.php(37): Illuminate\\Foundation\\Application->registerConfiguredProviders()
#4 C:\\Users\\Murat\\Projects\\laravelmv\\vendor\\laravel\\framework\\src\\Illuminate\\Foundation\\Application.php(341): Illuminate\\Foundation\\Bootstrap\\RegisterProviders->bootstrap(Object(Illuminate\\Foundation\\Application))
#5 C:\\Users\\Murat\\Projects\\laravelmv\\vendor\\laravel\\framework\\src\\Illuminate\\Foundation\\Console\\Kernel.php(473): Illuminate\\Foundation\\Application->bootstrapWith(Array)
#6 C:\\Users\\Murat\\Projects\\laravelmv\\vendor\\laravel\\framework\\src\\Illuminate\\Foundation\\Console\\Kernel.php(195): Illuminate\\Foundation\\Console\\Kernel->bootstrap()
#7 C:\\Users\\Murat\\Projects\\laravelmv\\artisan(35): Illuminate\\Foundation\\Console\\Kernel->handle(Object(Symfony\\Component\\Console\\Input\\ArgvInput), Object(Symfony\\Component\\Console\\Output\\ConsoleOutput))
#8 {main}
"} 
